0 info it worked if it ends with ok
1 verbose cli [ 'C:\\Program Files\\nodejs\\node.exe',
1 verbose cli   'C:\\Users\\Administrator\\AppData\\Roaming\\npm\\node_modules\\npm\\bin\\npm-cli.js',
1 verbose cli   'run',
1 verbose cli   'start' ]
2 info using npm@3.10.10
3 info using node@v8.12.0
4 verbose run-script [ 'prestart', 'start', 'poststart' ]
5 info lifecycle awesome-project@1.0.0~prestart: awesome-project@1.0.0
6 silly lifecycle awesome-project@1.0.0~prestart: no script for prestart, continuing
7 info lifecycle awesome-project@1.0.0~start: awesome-project@1.0.0
8 verbose lifecycle awesome-project@1.0.0~start: unsafe-perm in lifecycle true
9 verbose lifecycle awesome-project@1.0.0~start: PATH: C:\Users\Administrator\AppData\Roaming\npm\node_modules\npm\bin\node-gyp-bin;E:\前端书籍\nodejs\weex-test\awesome-project\node_modules\.bin;E:\app\client\Administrator\product\12.1.0\client_1\bin;E:\app\Administrator\product\12.1.0\dbhome_1\bin;D:\instantclient_12_2;C:\windows\system32;C:\windows;C:\windows\System32\Wbem;C:\windows\System32\WindowsPowerShell\v1.0\;C:\Program Files\Intel\WiFi\bin\;C:\Program Files\Common Files\Intel\WirelessCommon\;C:\Program Files\Java\jdk1.8.0_152\bin;C:\Program Files\Java\apache-maven-3.5.2\bin;C:\Program Files\Git\cmd;C:\Program Files\nodejs\;C:\Users\Administrator\AppData\Local\Microsoft\WindowsApps;C:\Program Files\Intel\WiFi\bin\;C:\Program Files\Common Files\Intel\WirelessCommon\;C:\Users\Administrator\AppData\Roaming\npm;C:\Program Files (x86)\SSH Communications Security\SSH Secure Shell;E:\vscode\Microsoft VS Code\bin
10 verbose lifecycle awesome-project@1.0.0~start: CWD: E:\前端书籍\nodejs\weex-test\awesome-project
11 silly lifecycle awesome-project@1.0.0~start: Args: [ '/d /s /c', 'npm run serve' ]
12 silly lifecycle awesome-project@1.0.0~start: Returned: code: 1  signal: null
13 info lifecycle awesome-project@1.0.0~start: Failed to exec start script
14 verbose stack Error: awesome-project@1.0.0 start: `npm run serve`
14 verbose stack Exit status 1
14 verbose stack     at EventEmitter.<anonymous> (C:\Users\Administrator\AppData\Roaming\npm\node_modules\npm\lib\utils\lifecycle.js:255:16)
14 verbose stack     at emitTwo (events.js:126:13)
14 verbose stack     at EventEmitter.emit (events.js:214:7)
14 verbose stack     at ChildProcess.<anonymous> (C:\Users\Administrator\AppData\Roaming\npm\node_modules\npm\lib\utils\spawn.js:40:14)
14 verbose stack     at emitTwo (events.js:126:13)
14 verbose stack     at ChildProcess.emit (events.js:214:7)
14 verbose stack     at maybeClose (internal/child_process.js:915:16)
14 verbose stack     at Process.ChildProcess._handle.onexit (internal/child_process.js:209:5)
15 verbose pkgid awesome-project@1.0.0
16 verbose cwd E:\前端书籍\nodejs\weex-test\awesome-project
17 error Windows_NT 10.0.14393
18 error argv "C:\\Program Files\\nodejs\\node.exe" "C:\\Users\\Administrator\\AppData\\Roaming\\npm\\node_modules\\npm\\bin\\npm-cli.js" "run" "start"
19 error node v8.12.0
20 error npm  v3.10.10
21 error code ELIFECYCLE
22 error awesome-project@1.0.0 start: `npm run serve`
22 error Exit status 1
23 error Failed at the awesome-project@1.0.0 start script 'npm run serve'.
23 error Make sure you have the latest version of node.js and npm installed.
23 error If you do, this is most likely a problem with the awesome-project package,
23 error not with npm itself.
23 error Tell the author that this fails on your system:
23 error     npm run serve
23 error You can get information on how to open an issue for this project with:
23 error     npm bugs awesome-project
23 error Or if that isn't available, you can get their info via:
23 error     npm owner ls awesome-project
23 error There is likely additional logging output above.
24 verbose exit [ 1, true ]
